<?xml version="1.0" encoding="UTF-8"?>
<!-- Generated by org.testng.reporters.JUnitXMLReporter -->
<testsuite ignored="0" hostname="Hari" failures="0" tests="3" name="Default test" time="28.976" errors="0" timestamp="2025-09-25T00:50:09 IST">
  <testcase classname="OrangeHRM_Module.Time" name="time_Timesheets" time="2.004"/>
  <testcase classname="OrangeHRM_Module.Time" name="time_Attendance" time="3.928"/>
  <testcase classname="OrangeHRM_Module.Time" name="Punch_Attendence" time="5.02"/>
</testsuite> <!-- Default test -->
