<?xml version="1.0" encoding="UTF-8"?>
<!-- Generated by org.testng.reporters.JUnitXMLReporter -->
<testsuite ignored="0" hostname="Hari" failures="0" tests="3" name="Leave Module" time="11.966" errors="0" timestamp="2025-09-29T17:23:59 IST">
  <testcase classname="OrangeHRM_Module.Leave_module" name="leave_Print" time="0.001"/>
  <testcase classname="OrangeHRM_Module.Leave_module" name="Leave_page_module" time="4.191"/>
  <testcase classname="OrangeHRM_Module.Leave_module" name="all_data" time="0.001"/>
</testsuite> <!-- Leave Module -->
