<?xml version="1.0" encoding="UTF-8"?>
<!-- Generated by org.testng.reporters.JUnitXMLReporter -->
<testsuite ignored="0" hostname="Hari" failures="0" tests="12" name="Login With Data" time="7.994" errors="0" timestamp="2025-09-29T17:23:33 IST">
  <testcase classname="OrangeHRM_Testcases.LoginWithdata" name="OrangeHRM_login" time="0.575"/>
  <testcase classname="OrangeHRM_Testcases.LoginWithdata" name="OrangeHRM_login" time="0.534"/>
  <testcase classname="OrangeHRM_Testcases.LoginWithdata" name="OrangeHRM_login" time="0.141"/>
  <testcase classname="OrangeHRM_Testcases.LoginWithdata" name="OrangeHRM_login" time="0.108"/>
  <testcase classname="OrangeHRM_Testcases.LoginWithdata" name="OrangeHRM_login" time="0.14"/>
  <testcase classname="OrangeHRM_Testcases.LoginWithdata" name="OrangeHRM_login" time="0.12"/>
  <testcase classname="OrangeHRM_Testcases.LoginWithdata" name="OrangeHRM_login" time="0.104"/>
  <testcase classname="OrangeHRM_Testcases.LoginWithdata" name="OrangeHRM_login" time="0.103"/>
  <testcase classname="OrangeHRM_Testcases.LoginWithdata" name="OrangeHRM_login" time="0.103"/>
  <testcase classname="OrangeHRM_Testcases.LoginWithdata" name="OrangeHRM_login" time="0.105"/>
  <testcase classname="OrangeHRM_Testcases.LoginWithdata" name="OrangeHRM_login" time="0.161"/>
  <testcase classname="OrangeHRM_Testcases.LoginWithdata" name="OrangeHRM_login" time="0.144"/>
</testsuite> <!-- Login With Data -->
