<?xml version="1.0" encoding="UTF-8"?>
<!-- Generated by org.testng.reporters.JUnitXMLReporter -->
<testsuite ignored="0" hostname="Hari" failures="1" tests="1" name="Login" time="4.247" errors="0" timestamp="2025-09-29T17:23:47 IST">
  <testcase classname="OrangeHRM_Testcases.Login" name="login" time="0.0">
    <failure type="org.testng.TestNGException" message="
Cannot inject @Test annotated Method [login] with [class java.lang.String, class java.lang.String].
For more information on native dependency injection please refer to https://testng.org/#_dependency_injection">
      <![CDATA[org.testng.TestNGException: 
Cannot inject @Test annotated Method [login] with [class java.lang.String, class java.lang.String].
For more information on native dependency injection please refer to https://testng.org/#_dependency_injection
at java.base/java.util.ArrayList.forEach(ArrayList.java:1511)
... Removed 26 stack frames]]>
    </failure>
  </testcase> <!-- login -->
</testsuite> <!-- Login -->
