<?xml version="1.0" encoding="UTF-8"?>
<!-- Generated by org.testng.reporters.JUnitXMLReporter -->
<testsuite ignored="0" hostname="Hari" failures="0" tests="12" name="OrangeHRM Login Data" time="1.592" errors="0" timestamp="2025-09-29T17:23:15 IST">
  <testcase classname="OrangeHRM_Testcases.Orange_HRM_login_DATA" name="writeData" time="0.014"/>
  <testcase classname="OrangeHRM_Testcases.Orange_HRM_login_DATA" name="writeData" time="0.007"/>
  <testcase classname="OrangeHRM_Testcases.Orange_HRM_login_DATA" name="writeData" time="0.008"/>
  <testcase classname="OrangeHRM_Testcases.Orange_HRM_login_DATA" name="writeData" time="0.006"/>
  <testcase classname="OrangeHRM_Testcases.Orange_HRM_login_DATA" name="writeData" time="0.006"/>
  <testcase classname="OrangeHRM_Testcases.Orange_HRM_login_DATA" name="writeData" time="0.004"/>
  <testcase classname="OrangeHRM_Testcases.Orange_HRM_login_DATA" name="writeData" time="0.007"/>
  <testcase classname="OrangeHRM_Testcases.Orange_HRM_login_DATA" name="writeData" time="0.003"/>
  <testcase classname="OrangeHRM_Testcases.Orange_HRM_login_DATA" name="writeData" time="0.004"/>
  <testcase classname="OrangeHRM_Testcases.Orange_HRM_login_DATA" name="writeData" time="0.005"/>
  <testcase classname="OrangeHRM_Testcases.Orange_HRM_login_DATA" name="writeData" time="0.004"/>
  <testcase classname="OrangeHRM_Testcases.Orange_HRM_login_DATA" name="writeData" time="0.004"/>
</testsuite> <!-- OrangeHRM Login Data -->
