<?xml version="1.0" encoding="UTF-8"?>
<!-- Generated by org.testng.reporters.JUnitXMLReporter -->
<testsuite ignored="0" hostname="Hari" failures="0" tests="3" name="Time Module" time="14.581" errors="0" timestamp="2025-09-29T17:24:13 IST">
  <testcase classname="OrangeHRM_Module.Time" name="time_Timesheets" time="1.214"/>
  <testcase classname="OrangeHRM_Module.Time" name="time_Attendance" time="2.374"/>
  <testcase classname="OrangeHRM_Module.Time" name="Punch_Attendence" time="3.245"/>
</testsuite> <!-- Time Module -->
