<?xml version="1.0" encoding="UTF-8"?>
<testng-results ignored="0" total="33" passed="32" failed="1" skipped="0">
  <reporter-output>
  </reporter-output>
  <suite started-at="2025-09-29T17:23:13 IST" name="Suite" finished-at="2025-09-29T17:24:13 IST" duration-ms="60062">
    <groups>
    </groups>
    <test started-at="2025-09-29T17:23:13 IST" name="OrangeHRM Login Data" finished-at="2025-09-29T17:23:15 IST" duration-ms="1592">
      <class name="OrangeHRM_Testcases.Orange_HRM_login_DATA">
        <test-method is-config="true" signature="beforeTest()[pri:0, instance:OrangeHRM_Testcases.Orange_HRM_login_DATA@1a942c18]" started-at="2025-09-29T17:23:14 IST" name="beforeTest" finished-at="2025-09-29T17:23:14 IST" duration-ms="518" status="PASS">
          <reporter-output>
          </reporter-output>
        </test-method> <!-- beforeTest -->
        <test-method signature="writeData(java.lang.String,java.lang.String)[pri:0, instance:OrangeHRM_Testcases.Orange_HRM_login_DATA@1a942c18]" started-at="2025-09-29T17:23:14 IST" name="writeData" data-provider="getloginData" finished-at="2025-09-29T17:23:14 IST" duration-ms="14" status="PASS">
          <params>
            <param index="0">
              <value>
                <![CDATA[anup]]>
              </value>
            </param>
            <param index="1">
              <value>
                <![CDATA[anup123]]>
              </value>
            </param>
          </params>
          <reporter-output>
          </reporter-output>
        </test-method> <!-- writeData -->
        <test-method signature="writeData(java.lang.String,java.lang.String)[pri:0, instance:OrangeHRM_Testcases.Orange_HRM_login_DATA@1a942c18]" started-at="2025-09-29T17:23:14 IST" name="writeData" data-provider="getloginData" finished-at="2025-09-29T17:23:14 IST" duration-ms="7" status="PASS">
          <params>
            <param index="0">
              <value>
                <![CDATA[hari]]>
              </value>
            </param>
            <param index="1">
              <value>
                <![CDATA[hari123]]>
              </value>
            </param>
          </params>
          <reporter-output>
          </reporter-output>
        </test-method> <!-- writeData -->
        <test-method signature="writeData(java.lang.String,java.lang.String)[pri:0, instance:OrangeHRM_Testcases.Orange_HRM_login_DATA@1a942c18]" started-at="2025-09-29T17:23:14 IST" name="writeData" data-provider="getloginData" finished-at="2025-09-29T17:23:14 IST" duration-ms="8" status="PASS">
          <params>
            <param index="0">
              <value>
                <![CDATA[gopi]]>
              </value>
            </param>
            <param index="1">
              <value>
                <![CDATA[gopi123]]>
              </value>
            </param>
          </params>
          <reporter-output>
          </reporter-output>
        </test-method> <!-- writeData -->
        <test-method signature="writeData(java.lang.String,java.lang.String)[pri:0, instance:OrangeHRM_Testcases.Orange_HRM_login_DATA@1a942c18]" started-at="2025-09-29T17:23:14 IST" name="writeData" data-provider="getloginData" finished-at="2025-09-29T17:23:14 IST" duration-ms="6" status="PASS">
          <params>
            <param index="0">
              <value>
                <![CDATA[shiv]]>
              </value>
            </param>
            <param index="1">
              <value>
                <![CDATA[shiv123]]>
              </value>
            </param>
          </params>
          <reporter-output>
          </reporter-output>
        </test-method> <!-- writeData -->
        <test-method signature="writeData(java.lang.String,java.lang.String)[pri:0, instance:OrangeHRM_Testcases.Orange_HRM_login_DATA@1a942c18]" started-at="2025-09-29T17:23:14 IST" name="writeData" data-provider="getloginData" finished-at="2025-09-29T17:23:14 IST" duration-ms="6" status="PASS">
          <params>
            <param index="0">
              <value>
                <![CDATA[rahul]]>
              </value>
            </param>
            <param index="1">
              <value>
                <![CDATA[rahul123]]>
              </value>
            </param>
          </params>
          <reporter-output>
          </reporter-output>
        </test-method> <!-- writeData -->
        <test-method signature="writeData(java.lang.String,java.lang.String)[pri:0, instance:OrangeHRM_Testcases.Orange_HRM_login_DATA@1a942c18]" started-at="2025-09-29T17:23:14 IST" name="writeData" data-provider="getloginData" finished-at="2025-09-29T17:23:14 IST" duration-ms="4" status="PASS">
          <params>
            <param index="0">
              <value>
                <![CDATA[ram]]>
              </value>
            </param>
            <param index="1">
              <value>
                <![CDATA[ram123]]>
              </value>
            </param>
          </params>
          <reporter-output>
          </reporter-output>
        </test-method> <!-- writeData -->
        <test-method signature="writeData(java.lang.String,java.lang.String)[pri:0, instance:OrangeHRM_Testcases.Orange_HRM_login_DATA@1a942c18]" started-at="2025-09-29T17:23:14 IST" name="writeData" data-provider="getloginData" finished-at="2025-09-29T17:23:14 IST" duration-ms="7" status="PASS">
          <params>
            <param index="0">
              <value>
                <![CDATA[raju]]>
              </value>
            </param>
            <param index="1">
              <value>
                <![CDATA[raju123]]>
              </value>
            </param>
          </params>
          <reporter-output>
          </reporter-output>
        </test-method> <!-- writeData -->
        <test-method signature="writeData(java.lang.String,java.lang.String)[pri:0, instance:OrangeHRM_Testcases.Orange_HRM_login_DATA@1a942c18]" started-at="2025-09-29T17:23:14 IST" name="writeData" data-provider="getloginData" finished-at="2025-09-29T17:23:14 IST" duration-ms="3" status="PASS">
          <params>
            <param index="0">
              <value>
                <![CDATA[varma]]>
              </value>
            </param>
            <param index="1">
              <value>
                <![CDATA[varma123]]>
              </value>
            </param>
          </params>
          <reporter-output>
          </reporter-output>
        </test-method> <!-- writeData -->
        <test-method signature="writeData(java.lang.String,java.lang.String)[pri:0, instance:OrangeHRM_Testcases.Orange_HRM_login_DATA@1a942c18]" started-at="2025-09-29T17:23:14 IST" name="writeData" data-provider="getloginData" finished-at="2025-09-29T17:23:14 IST" duration-ms="4" status="PASS">
          <params>
            <param index="0">
              <value>
                <![CDATA[sharma]]>
              </value>
            </param>
            <param index="1">
              <value>
                <![CDATA[sharma123]]>
              </value>
            </param>
          </params>
          <reporter-output>
          </reporter-output>
        </test-method> <!-- writeData -->
        <test-method signature="writeData(java.lang.String,java.lang.String)[pri:0, instance:OrangeHRM_Testcases.Orange_HRM_login_DATA@1a942c18]" started-at="2025-09-29T17:23:14 IST" name="writeData" data-provider="getloginData" finished-at="2025-09-29T17:23:14 IST" duration-ms="5" status="PASS">
          <params>
            <param index="0">
              <value>
                <![CDATA[jayesh]]>
              </value>
            </param>
            <param index="1">
              <value>
                <![CDATA[jayesh123]]>
              </value>
            </param>
          </params>
          <reporter-output>
          </reporter-output>
        </test-method> <!-- writeData -->
        <test-method signature="writeData(java.lang.String,java.lang.String)[pri:0, instance:OrangeHRM_Testcases.Orange_HRM_login_DATA@1a942c18]" started-at="2025-09-29T17:23:14 IST" name="writeData" data-provider="getloginData" finished-at="2025-09-29T17:23:14 IST" duration-ms="4" status="PASS">
          <params>
            <param index="0">
              <value>
                <![CDATA[hero]]>
              </value>
            </param>
            <param index="1">
              <value>
                <![CDATA[hero123]]>
              </value>
            </param>
          </params>
          <reporter-output>
          </reporter-output>
        </test-method> <!-- writeData -->
        <test-method signature="writeData(java.lang.String,java.lang.String)[pri:0, instance:OrangeHRM_Testcases.Orange_HRM_login_DATA@1a942c18]" started-at="2025-09-29T17:23:14 IST" name="writeData" data-provider="getloginData" finished-at="2025-09-29T17:23:14 IST" duration-ms="4" status="PASS">
          <params>
            <param index="0">
              <value>
                <![CDATA[Admin]]>
              </value>
            </param>
            <param index="1">
              <value>
                <![CDATA[admin123]]>
              </value>
            </param>
          </params>
          <reporter-output>
          </reporter-output>
        </test-method> <!-- writeData -->
        <test-method is-config="true" signature="aftertest()[pri:0, instance:OrangeHRM_Testcases.Orange_HRM_login_DATA@1a942c18]" started-at="2025-09-29T17:23:14 IST" name="aftertest" finished-at="2025-09-29T17:23:15 IST" duration-ms="272" status="PASS">
          <reporter-output>
          </reporter-output>
        </test-method> <!-- aftertest -->
      </class> <!-- OrangeHRM_Testcases.Orange_HRM_login_DATA -->
    </test> <!-- OrangeHRM Login Data -->
    <test started-at="2025-09-29T17:23:15 IST" name="OrangeHRM Modules" finished-at="2025-09-29T17:23:25 IST" duration-ms="10211">
      <class name="OrangeHRM_Testcases.OrangeHRM_modules">
        <test-method is-config="true" signature="before_test()[pri:0, instance:OrangeHRM_Testcases.OrangeHRM_modules@742ff096]" started-at="2025-09-29T17:23:15 IST" name="before_test" finished-at="2025-09-29T17:23:24 IST" duration-ms="8849" status="PASS">
          <reporter-output>
          </reporter-output>
        </test-method> <!-- before_test -->
        <test-method signature="Admin_page()[pri:0, instance:OrangeHRM_Testcases.OrangeHRM_modules@742ff096]" started-at="2025-09-29T17:23:24 IST" name="Admin_page" finished-at="2025-09-29T17:23:25 IST" duration-ms="1046" status="PASS">
          <reporter-output>
          </reporter-output>
        </test-method> <!-- Admin_page -->
        <test-method is-config="true" signature="aftertest()[pri:0, instance:OrangeHRM_Testcases.OrangeHRM_modules@742ff096]" started-at="2025-09-29T17:23:25 IST" name="aftertest" finished-at="2025-09-29T17:23:25 IST" duration-ms="308" status="PASS">
          <reporter-output>
          </reporter-output>
        </test-method> <!-- aftertest -->
      </class> <!-- OrangeHRM_Testcases.OrangeHRM_modules -->
    </test> <!-- OrangeHRM Modules -->
    <test started-at="2025-09-29T17:23:25 IST" name="Login With Data" finished-at="2025-09-29T17:23:33 IST" duration-ms="7994">
      <class name="OrangeHRM_Testcases.LoginWithdata">
        <test-method is-config="true" signature="beforeTest()[pri:0, instance:OrangeHRM_Testcases.LoginWithdata@4a83a74a]" started-at="2025-09-29T17:23:25 IST" name="beforeTest" finished-at="2025-09-29T17:23:30 IST" duration-ms="4240" status="PASS">
          <reporter-output>
          </reporter-output>
        </test-method> <!-- beforeTest -->
        <test-method signature="OrangeHRM_login(java.lang.String,java.lang.String)[pri:0, instance:OrangeHRM_Testcases.LoginWithdata@4a83a74a]" started-at="2025-09-29T17:23:30 IST" name="OrangeHRM_login" data-provider="getLoginData" finished-at="2025-09-29T17:23:30 IST" duration-ms="575" status="PASS">
          <params>
            <param index="0">
              <value>
                <![CDATA[anup]]>
              </value>
            </param>
            <param index="1">
              <value>
                <![CDATA[anup123]]>
              </value>
            </param>
          </params>
          <reporter-output>
          </reporter-output>
        </test-method> <!-- OrangeHRM_login -->
        <test-method is-config="true" signature="aftermethod()[pri:0, instance:OrangeHRM_Testcases.LoginWithdata@4a83a74a]" started-at="2025-09-29T17:23:30 IST" name="aftermethod" finished-at="2025-09-29T17:23:31 IST" duration-ms="1189" status="PASS">
          <reporter-output>
          </reporter-output>
        </test-method> <!-- aftermethod -->
        <test-method signature="OrangeHRM_login(java.lang.String,java.lang.String)[pri:0, instance:OrangeHRM_Testcases.LoginWithdata@4a83a74a]" started-at="2025-09-29T17:23:31 IST" name="OrangeHRM_login" data-provider="getLoginData" finished-at="2025-09-29T17:23:32 IST" duration-ms="534" status="PASS">
          <params>
            <param index="0">
              <value>
                <![CDATA[hari]]>
              </value>
            </param>
            <param index="1">
              <value>
                <![CDATA[hari123]]>
              </value>
            </param>
          </params>
          <reporter-output>
          </reporter-output>
        </test-method> <!-- OrangeHRM_login -->
        <test-method is-config="true" signature="aftermethod()[pri:0, instance:OrangeHRM_Testcases.LoginWithdata@4a83a74a]" started-at="2025-09-29T17:23:32 IST" name="aftermethod" finished-at="2025-09-29T17:23:32 IST" duration-ms="5" status="PASS">
          <reporter-output>
          </reporter-output>
        </test-method> <!-- aftermethod -->
        <test-method signature="OrangeHRM_login(java.lang.String,java.lang.String)[pri:0, instance:OrangeHRM_Testcases.LoginWithdata@4a83a74a]" started-at="2025-09-29T17:23:32 IST" name="OrangeHRM_login" data-provider="getLoginData" finished-at="2025-09-29T17:23:32 IST" duration-ms="141" status="PASS">
          <params>
            <param index="0">
              <value>
                <![CDATA[gopi]]>
              </value>
            </param>
            <param index="1">
              <value>
                <![CDATA[gopi123]]>
              </value>
            </param>
          </params>
          <reporter-output>
          </reporter-output>
        </test-method> <!-- OrangeHRM_login -->
        <test-method is-config="true" signature="aftermethod()[pri:0, instance:OrangeHRM_Testcases.LoginWithdata@4a83a74a]" started-at="2025-09-29T17:23:32 IST" name="aftermethod" finished-at="2025-09-29T17:23:32 IST" duration-ms="4" status="PASS">
          <reporter-output>
          </reporter-output>
        </test-method> <!-- aftermethod -->
        <test-method signature="OrangeHRM_login(java.lang.String,java.lang.String)[pri:0, instance:OrangeHRM_Testcases.LoginWithdata@4a83a74a]" started-at="2025-09-29T17:23:32 IST" name="OrangeHRM_login" data-provider="getLoginData" finished-at="2025-09-29T17:23:32 IST" duration-ms="108" status="PASS">
          <params>
            <param index="0">
              <value>
                <![CDATA[shiv]]>
              </value>
            </param>
            <param index="1">
              <value>
                <![CDATA[shiv123]]>
              </value>
            </param>
          </params>
          <reporter-output>
          </reporter-output>
        </test-method> <!-- OrangeHRM_login -->
        <test-method is-config="true" signature="aftermethod()[pri:0, instance:OrangeHRM_Testcases.LoginWithdata@4a83a74a]" started-at="2025-09-29T17:23:32 IST" name="aftermethod" finished-at="2025-09-29T17:23:32 IST" duration-ms="6" status="PASS">
          <reporter-output>
          </reporter-output>
        </test-method> <!-- aftermethod -->
        <test-method signature="OrangeHRM_login(java.lang.String,java.lang.String)[pri:0, instance:OrangeHRM_Testcases.LoginWithdata@4a83a74a]" started-at="2025-09-29T17:23:32 IST" name="OrangeHRM_login" data-provider="getLoginData" finished-at="2025-09-29T17:23:32 IST" duration-ms="140" status="PASS">
          <params>
            <param index="0">
              <value>
                <![CDATA[rahul]]>
              </value>
            </param>
            <param index="1">
              <value>
                <![CDATA[rahul123]]>
              </value>
            </param>
          </params>
          <reporter-output>
          </reporter-output>
        </test-method> <!-- OrangeHRM_login -->
        <test-method is-config="true" signature="aftermethod()[pri:0, instance:OrangeHRM_Testcases.LoginWithdata@4a83a74a]" started-at="2025-09-29T17:23:32 IST" name="aftermethod" finished-at="2025-09-29T17:23:32 IST" duration-ms="4" status="PASS">
          <reporter-output>
          </reporter-output>
        </test-method> <!-- aftermethod -->
        <test-method signature="OrangeHRM_login(java.lang.String,java.lang.String)[pri:0, instance:OrangeHRM_Testcases.LoginWithdata@4a83a74a]" started-at="2025-09-29T17:23:32 IST" name="OrangeHRM_login" data-provider="getLoginData" finished-at="2025-09-29T17:23:32 IST" duration-ms="120" status="PASS">
          <params>
            <param index="0">
              <value>
                <![CDATA[ram]]>
              </value>
            </param>
            <param index="1">
              <value>
                <![CDATA[ram123]]>
              </value>
            </param>
          </params>
          <reporter-output>
          </reporter-output>
        </test-method> <!-- OrangeHRM_login -->
        <test-method is-config="true" signature="aftermethod()[pri:0, instance:OrangeHRM_Testcases.LoginWithdata@4a83a74a]" started-at="2025-09-29T17:23:32 IST" name="aftermethod" finished-at="2025-09-29T17:23:32 IST" duration-ms="5" status="PASS">
          <reporter-output>
          </reporter-output>
        </test-method> <!-- aftermethod -->
        <test-method signature="OrangeHRM_login(java.lang.String,java.lang.String)[pri:0, instance:OrangeHRM_Testcases.LoginWithdata@4a83a74a]" started-at="2025-09-29T17:23:32 IST" name="OrangeHRM_login" data-provider="getLoginData" finished-at="2025-09-29T17:23:33 IST" duration-ms="104" status="PASS">
          <params>
            <param index="0">
              <value>
                <![CDATA[raju]]>
              </value>
            </param>
            <param index="1">
              <value>
                <![CDATA[raju123]]>
              </value>
            </param>
          </params>
          <reporter-output>
          </reporter-output>
        </test-method> <!-- OrangeHRM_login -->
        <test-method is-config="true" signature="aftermethod()[pri:0, instance:OrangeHRM_Testcases.LoginWithdata@4a83a74a]" started-at="2025-09-29T17:23:33 IST" name="aftermethod" finished-at="2025-09-29T17:23:33 IST" duration-ms="4" status="PASS">
          <reporter-output>
          </reporter-output>
        </test-method> <!-- aftermethod -->
        <test-method signature="OrangeHRM_login(java.lang.String,java.lang.String)[pri:0, instance:OrangeHRM_Testcases.LoginWithdata@4a83a74a]" started-at="2025-09-29T17:23:33 IST" name="OrangeHRM_login" data-provider="getLoginData" finished-at="2025-09-29T17:23:33 IST" duration-ms="103" status="PASS">
          <params>
            <param index="0">
              <value>
                <![CDATA[varma]]>
              </value>
            </param>
            <param index="1">
              <value>
                <![CDATA[varma123]]>
              </value>
            </param>
          </params>
          <reporter-output>
          </reporter-output>
        </test-method> <!-- OrangeHRM_login -->
        <test-method is-config="true" signature="aftermethod()[pri:0, instance:OrangeHRM_Testcases.LoginWithdata@4a83a74a]" started-at="2025-09-29T17:23:33 IST" name="aftermethod" finished-at="2025-09-29T17:23:33 IST" duration-ms="6" status="PASS">
          <reporter-output>
          </reporter-output>
        </test-method> <!-- aftermethod -->
        <test-method signature="OrangeHRM_login(java.lang.String,java.lang.String)[pri:0, instance:OrangeHRM_Testcases.LoginWithdata@4a83a74a]" started-at="2025-09-29T17:23:33 IST" name="OrangeHRM_login" data-provider="getLoginData" finished-at="2025-09-29T17:23:33 IST" duration-ms="103" status="PASS">
          <params>
            <param index="0">
              <value>
                <![CDATA[sharma]]>
              </value>
            </param>
            <param index="1">
              <value>
                <![CDATA[sharma123]]>
              </value>
            </param>
          </params>
          <reporter-output>
          </reporter-output>
        </test-method> <!-- OrangeHRM_login -->
        <test-method is-config="true" signature="aftermethod()[pri:0, instance:OrangeHRM_Testcases.LoginWithdata@4a83a74a]" started-at="2025-09-29T17:23:33 IST" name="aftermethod" finished-at="2025-09-29T17:23:33 IST" duration-ms="5" status="PASS">
          <reporter-output>
          </reporter-output>
        </test-method> <!-- aftermethod -->
        <test-method signature="OrangeHRM_login(java.lang.String,java.lang.String)[pri:0, instance:OrangeHRM_Testcases.LoginWithdata@4a83a74a]" started-at="2025-09-29T17:23:33 IST" name="OrangeHRM_login" data-provider="getLoginData" finished-at="2025-09-29T17:23:33 IST" duration-ms="105" status="PASS">
          <params>
            <param index="0">
              <value>
                <![CDATA[jayesh]]>
              </value>
            </param>
            <param index="1">
              <value>
                <![CDATA[jayesh123]]>
              </value>
            </param>
          </params>
          <reporter-output>
          </reporter-output>
        </test-method> <!-- OrangeHRM_login -->
        <test-method is-config="true" signature="aftermethod()[pri:0, instance:OrangeHRM_Testcases.LoginWithdata@4a83a74a]" started-at="2025-09-29T17:23:33 IST" name="aftermethod" finished-at="2025-09-29T17:23:33 IST" duration-ms="5" status="PASS">
          <reporter-output>
          </reporter-output>
        </test-method> <!-- aftermethod -->
        <test-method signature="OrangeHRM_login(java.lang.String,java.lang.String)[pri:0, instance:OrangeHRM_Testcases.LoginWithdata@4a83a74a]" started-at="2025-09-29T17:23:33 IST" name="OrangeHRM_login" data-provider="getLoginData" finished-at="2025-09-29T17:23:33 IST" duration-ms="161" status="PASS">
          <params>
            <param index="0">
              <value>
                <![CDATA[hero]]>
              </value>
            </param>
            <param index="1">
              <value>
                <![CDATA[hero123]]>
              </value>
            </param>
          </params>
          <reporter-output>
          </reporter-output>
        </test-method> <!-- OrangeHRM_login -->
        <test-method is-config="true" signature="aftermethod()[pri:0, instance:OrangeHRM_Testcases.LoginWithdata@4a83a74a]" started-at="2025-09-29T17:23:33 IST" name="aftermethod" finished-at="2025-09-29T17:23:33 IST" duration-ms="5" status="PASS">
          <reporter-output>
          </reporter-output>
        </test-method> <!-- aftermethod -->
        <test-method signature="OrangeHRM_login(java.lang.String,java.lang.String)[pri:0, instance:OrangeHRM_Testcases.LoginWithdata@4a83a74a]" started-at="2025-09-29T17:23:33 IST" name="OrangeHRM_login" data-provider="getLoginData" finished-at="2025-09-29T17:23:33 IST" duration-ms="144" status="PASS">
          <params>
            <param index="0">
              <value>
                <![CDATA[Admin]]>
              </value>
            </param>
            <param index="1">
              <value>
                <![CDATA[admin123]]>
              </value>
            </param>
          </params>
          <reporter-output>
          </reporter-output>
        </test-method> <!-- OrangeHRM_login -->
        <test-method is-config="true" signature="aftermethod()[pri:0, instance:OrangeHRM_Testcases.LoginWithdata@4a83a74a]" started-at="2025-09-29T17:23:33 IST" name="aftermethod" finished-at="2025-09-29T17:23:33 IST" duration-ms="6" status="PASS">
          <reporter-output>
          </reporter-output>
        </test-method> <!-- aftermethod -->
        <test-method is-config="true" signature="aftertest()[pri:0, instance:OrangeHRM_Testcases.LoginWithdata@4a83a74a]" started-at="2025-09-29T17:23:33 IST" name="aftertest" finished-at="2025-09-29T17:23:33 IST" duration-ms="150" status="PASS">
          <reporter-output>
          </reporter-output>
        </test-method> <!-- aftertest -->
      </class> <!-- OrangeHRM_Testcases.LoginWithdata -->
    </test> <!-- Login With Data -->
    <test started-at="2025-09-29T17:23:33 IST" name="Features PIM" finished-at="2025-09-29T17:23:42 IST" duration-ms="8739">
      <class name="OrangeHRM_Module.Features_PIM">
        <test-method is-config="true" signature="beforetest()[pri:0, instance:OrangeHRM_Module.Features_PIM@2d901eb0]" started-at="2025-09-29T17:23:33 IST" name="beforetest" finished-at="2025-09-29T17:23:38 IST" duration-ms="4922" status="PASS">
          <reporter-output>
          </reporter-output>
        </test-method> <!-- beforetest -->
        <test-method signature="PIM_Moduel()[pri:0, instance:OrangeHRM_Module.Features_PIM@2d901eb0]" started-at="2025-09-29T17:23:38 IST" name="PIM_Moduel" finished-at="2025-09-29T17:23:42 IST" duration-ms="3605" status="PASS">
          <reporter-output>
          </reporter-output>
        </test-method> <!-- PIM_Moduel -->
        <test-method is-config="true" signature="Close_allTabs()[pri:0, instance:OrangeHRM_Module.Features_PIM@2d901eb0]" started-at="2025-09-29T17:23:42 IST" name="Close_allTabs" finished-at="2025-09-29T17:23:42 IST" duration-ms="210" status="PASS">
          <reporter-output>
          </reporter-output>
        </test-method> <!-- Close_allTabs -->
      </class> <!-- OrangeHRM_Module.Features_PIM -->
    </test> <!-- Features PIM -->
    <test started-at="2025-09-29T17:23:42 IST" name="Login" finished-at="2025-09-29T17:23:47 IST" duration-ms="4247">
      <class name="OrangeHRM_Testcases.Login">
        <test-method is-config="true" signature="beforeTest()[pri:0, instance:OrangeHRM_Testcases.Login@606e4010]" started-at="2025-09-29T17:23:42 IST" name="beforeTest" finished-at="2025-09-29T17:23:46 IST" duration-ms="4083" status="PASS">
          <reporter-output>
          </reporter-output>
        </test-method> <!-- beforeTest -->
        <test-method signature="login(java.lang.String,java.lang.String)[pri:0, instance:OrangeHRM_Testcases.Login@606e4010]" started-at="2025-09-29T17:23:46 IST" name="login" finished-at="2025-09-29T17:23:46 IST" duration-ms="0" status="FAIL">
          <exception class="org.testng.TestNGException">
            <message>
              <![CDATA[
Cannot inject @Test annotated Method [login] with [class java.lang.String, class java.lang.String].
For more information on native dependency injection please refer to https://testng.org/#_dependency_injection]]>
            </message>
            <full-stacktrace>
              <![CDATA[org.testng.TestNGException: 
Cannot inject @Test annotated Method [login] with [class java.lang.String, class java.lang.String].
For more information on native dependency injection please refer to https://testng.org/#_dependency_injection
at org.testng.internal.Parameters.checkParameterTypes(Parameters.java:442)
at org.testng.internal.Parameters.createParametersForMethod(Parameters.java:347)
at org.testng.internal.Parameters.createParameters(Parameters.java:699)
at org.testng.internal.Parameters.handleParameters(Parameters.java:885)
at org.testng.internal.Parameters.handleParameters(Parameters.java:734)
at org.testng.internal.invokers.ParameterHandler.handleParameters(ParameterHandler.java:72)
at org.testng.internal.invokers.ParameterHandler.createParameters(ParameterHandler.java:51)
at org.testng.internal.invokers.TestInvoker$MethodInvocationAgent.invoke(TestInvoker.java:949)
at org.testng.internal.invokers.TestInvoker.invokeTestMethods(TestInvoker.java:203)
at org.testng.internal.invokers.TestMethodWorker.invokeTestMethods(TestMethodWorker.java:154)
at org.testng.internal.invokers.TestMethodWorker.run(TestMethodWorker.java:134)
at java.base/java.util.ArrayList.forEach(ArrayList.java:1511)
at org.testng.TestRunner.privateRun(TestRunner.java:741)
at org.testng.TestRunner.run(TestRunner.java:616)
at org.testng.SuiteRunner.runTest(SuiteRunner.java:421)
at org.testng.SuiteRunner.runSequentially(SuiteRunner.java:413)
at org.testng.SuiteRunner.privateRun(SuiteRunner.java:373)
at org.testng.SuiteRunner.run(SuiteRunner.java:312)
at org.testng.SuiteRunnerWorker.runSuite(SuiteRunnerWorker.java:52)
at org.testng.SuiteRunnerWorker.run(SuiteRunnerWorker.java:95)
at org.testng.TestNG.runSuitesSequentially(TestNG.java:1274)
at org.testng.TestNG.runSuitesLocally(TestNG.java:1208)
at org.testng.TestNG.runSuites(TestNG.java:1112)
at org.testng.TestNG.run(TestNG.java:1079)
at org.testng.remote.AbstractRemoteTestNG.run(AbstractRemoteTestNG.java:115)
at org.testng.remote.RemoteTestNG.initAndRun(RemoteTestNG.java:293)
at org.testng.remote.RemoteTestNG.main(RemoteTestNG.java:91)
]]>
            </full-stacktrace>
          </exception> <!-- org.testng.TestNGException -->
          <reporter-output>
          </reporter-output>
        </test-method> <!-- login -->
        <test-method is-config="true" signature="AfterClass()[pri:0, instance:OrangeHRM_Testcases.Login@606e4010]" started-at="2025-09-29T17:23:46 IST" name="AfterClass" finished-at="2025-09-29T17:23:47 IST" duration-ms="155" status="PASS">
          <reporter-output>
          </reporter-output>
        </test-method> <!-- AfterClass -->
      </class> <!-- OrangeHRM_Testcases.Login -->
    </test> <!-- Login -->
    <test started-at="2025-09-29T17:23:47 IST" name="Leave Module" finished-at="2025-09-29T17:23:59 IST" duration-ms="11966">
      <class name="OrangeHRM_Module.Leave_module">
        <test-method is-config="true" signature="before_test()[pri:0, instance:OrangeHRM_Module.Leave_module@413d1baf]" started-at="2025-09-29T17:23:47 IST" name="before_test" finished-at="2025-09-29T17:23:54 IST" duration-ms="7616" status="PASS">
          <reporter-output>
          </reporter-output>
        </test-method> <!-- before_test -->
        <test-method signature="leave_Print()[pri:0, instance:OrangeHRM_Module.Leave_module@413d1baf]" started-at="2025-09-29T17:23:54 IST" name="leave_Print" finished-at="2025-09-29T17:23:54 IST" duration-ms="1" status="PASS">
          <reporter-output>
          </reporter-output>
        </test-method> <!-- leave_Print -->
        <test-method signature="Leave_page_module()[pri:1, instance:OrangeHRM_Module.Leave_module@413d1baf]" started-at="2025-09-29T17:23:54 IST" name="Leave_page_module" finished-at="2025-09-29T17:23:58 IST" duration-ms="4191" status="PASS">
          <reporter-output>
          </reporter-output>
        </test-method> <!-- Leave_page_module -->
        <test-method signature="all_data()[pri:2, instance:OrangeHRM_Module.Leave_module@413d1baf]" started-at="2025-09-29T17:23:58 IST" name="all_data" finished-at="2025-09-29T17:23:58 IST" duration-ms="1" status="PASS">
          <reporter-output>
          </reporter-output>
        </test-method> <!-- all_data -->
        <test-method is-config="true" signature="after_test()[pri:0, instance:OrangeHRM_Module.Leave_module@413d1baf]" started-at="2025-09-29T17:23:58 IST" name="after_test" finished-at="2025-09-29T17:23:59 IST" duration-ms="152" status="PASS">
          <reporter-output>
          </reporter-output>
        </test-method> <!-- after_test -->
      </class> <!-- OrangeHRM_Module.Leave_module -->
    </test> <!-- Leave Module -->
    <test started-at="2025-09-29T17:23:59 IST" name="Time Module" finished-at="2025-09-29T17:24:13 IST" duration-ms="14581">
      <class name="OrangeHRM_Module.Time">
        <test-method is-config="true" signature="before_test()[pri:0, instance:OrangeHRM_Module.Time@7e057f43]" started-at="2025-09-29T17:23:59 IST" name="before_test" finished-at="2025-09-29T17:24:06 IST" duration-ms="7520" status="PASS">
          <reporter-output>
          </reporter-output>
        </test-method> <!-- before_test -->
        <test-method signature="time_Timesheets()[pri:0, instance:OrangeHRM_Module.Time@7e057f43]" started-at="2025-09-29T17:24:06 IST" name="time_Timesheets" finished-at="2025-09-29T17:24:07 IST" duration-ms="1214" status="PASS">
          <reporter-output>
          </reporter-output>
        </test-method> <!-- time_Timesheets -->
        <test-method signature="time_Attendance()[pri:1, instance:OrangeHRM_Module.Time@7e057f43]" started-at="2025-09-29T17:24:07 IST" name="time_Attendance" finished-at="2025-09-29T17:24:10 IST" duration-ms="2374" status="PASS">
          <reporter-output>
          </reporter-output>
        </test-method> <!-- time_Attendance -->
        <test-method signature="Punch_Attendence()[pri:2, instance:OrangeHRM_Module.Time@7e057f43]" started-at="2025-09-29T17:24:10 IST" name="Punch_Attendence" finished-at="2025-09-29T17:24:13 IST" duration-ms="3245" status="PASS">
          <reporter-output>
          </reporter-output>
        </test-method> <!-- Punch_Attendence -->
        <test-method is-config="true" signature="after_test()[pri:0, instance:OrangeHRM_Module.Time@7e057f43]" started-at="2025-09-29T17:24:13 IST" name="after_test" finished-at="2025-09-29T17:24:13 IST" duration-ms="220" status="PASS">
          <reporter-output>
          </reporter-output>
        </test-method> <!-- after_test -->
      </class> <!-- OrangeHRM_Module.Time -->
    </test> <!-- Time Module -->
  </suite> <!-- Suite -->
</testng-results>
